<?xml version="1.0" encoding="UTF-8"?>
<!-- Generated by org.testng.reporters.JUnitReportReporter -->
<testsuite hostname="kishorebaskaran" failures="0" tests="1" name="tests.Logintest" time="11.227" errors="0" timestamp="2025-07-23T18:24:34 IST" skipped="0">
  <testcase classname="tests.Logintest" name="testvalidlogin" time="11.227"/>
</testsuite> <!-- tests.Logintest -->
